Using pre-set license

 COMMAND LINE ARGUMENTS:
/Users/kobayashiyuuju/Desktop/2020.3.2f1/Unity.app/Contents/MacOS/Unity
-adb2
-batchMode
-noUpm
-name
AssetImportWorker0
-projectPath
/Users/kobayashiyuuju/Desktop/AppleCatch
-logFile
Logs/AssetImportWorker0.log
-srvPort
63561
Successfully changed project path to: /Users/kobayashiyuuju/Desktop/AppleCatch
/Users/kobayashiyuuju/Desktop/AppleCatch
Using Asset Import Pipeline V2.
Refreshing native plugins compatible for Editor in 28.32 ms, found 1 plugins.
Preloading 0 native plugins for Editor in 0.00 ms.
Initialize engine version: 2020.3.2f1 (8fd9074bf66c)
[Subsystems] Discovering subsystems at path /Users/kobayashiyuuju/Desktop/2020.3.2f1/Unity.app/Contents/Resources/UnitySubsystems
[Subsystems] Discovering subsystems at path /Users/kobayashiyuuju/Desktop/AppleCatch/Assets
GfxDevice: creating device client; threaded=0
2021-05-14 18:41:17.562 Unity[11095:503915] BenQ GL2580 preferred device: Intel Iris Graphics (low power)
2021-05-14 18:41:17.562 Unity[11095:503915] Metal devices available: 1
2021-05-14 18:41:17.562 Unity[11095:503915] 0: Intel Iris Graphics (low power)
2021-05-14 18:41:17.563 Unity[11095:503915] Using device Intel Iris Graphics (low power)
Initializing Metal device caps: Intel Iris Graphics
Initialize mono
Mono path[0] = '/Users/kobayashiyuuju/Desktop/2020.3.2f1/Unity.app/Contents/Managed'
Mono path[1] = '/Users/kobayashiyuuju/Desktop/2020.3.2f1/Unity.app/Contents/MonoBleedingEdge/lib/mono/unityjit'
Mono config path = '/Users/kobayashiyuuju/Desktop/2020.3.2f1/Unity.app/Contents/MonoBleedingEdge/etc'
Using monoOptions --debugger-agent=transport=dt_socket,embedding=1,server=y,suspend=n,address=127.0.0.1:56095
Begin MonoManager ReloadAssembly
Registering precompiled unity dll's ...
Register platform support module: /Users/kobayashiyuuju/Desktop/2020.3.2f1/Unity.app/Contents/PlaybackEngines/MacStandaloneSupport/UnityEditor.OSXStandalone.Extensions.dll
Registered in 0.000952 seconds.
Native extension for OSXStandalone target not found
Refreshing native plugins compatible for Editor in 33.81 ms, found 1 plugins.
Preloading 0 native plugins for Editor in 0.00 ms.
Invoked RoslynAnalysisRunner static constructor.
RoslynAnalysisRunner will not be running.
RoslynAnalysisRunner has terminated.
Mono: successfully reloaded assembly
- Completed reload, in  5.157 seconds
Platform modules already initialized, skipping
Registering precompiled user dll's ...
Registered in 0.000426 seconds.
Begin MonoManager ReloadAssembly
Native extension for OSXStandalone target not found
Refreshing native plugins compatible for Editor in 0.39 ms, found 1 plugins.
Preloading 0 native plugins for Editor in 0.00 ms.
Invoked RoslynAnalysisRunner static constructor.
RoslynAnalysisRunner will not be running.
RoslynAnalysisRunner has terminated.
Mono: successfully reloaded assembly
- Completed reload, in  1.438 seconds
Platform modules already initialized, skipping
========================================================================
Worker process is ready to serve import requests
Launching external process: /Users/kobayashiyuuju/Desktop/2020.3.2f1/Unity.app/Contents/Tools/UnityShaderCompiler
Launched and connected shader compiler UnityShaderCompiler after 0.03 seconds
Refreshing native plugins compatible for Editor in 0.36 ms, found 1 plugins.
Preloading 0 native plugins for Editor in 0.00 ms.
Unloading 1118 Unused Serialized files (Serialized files now loaded: 0)
System memory in use before: 116.9 MB.
System memory in use after: 116.9 MB.

Unloading 10 unused Assets to reduce memory usage. Loaded Objects now: 1561.
Total: 3.535309 ms (FindLiveObjects: 0.403274 ms CreateObjectMapping: 0.122846 ms MarkObjects: 2.904247 ms  DeleteObjects: 0.102607 ms)

========================================================================
Received Import Request.
  path: Assets/apple.prefab
  artifactKey: Guid(31f055e567bf14415b7633fe670db7a0) Importer(815301076,1909f56bfc062723c751e8b465ee728b)
Start importing Assets/apple.prefab using Guid(31f055e567bf14415b7633fe670db7a0) Importer(815301076,1909f56bfc062723c751e8b465ee728b)  -> (artifact id: '773f0b20c5c2e1f477cba056aa22f8a7') in 0.449795 seconds
  Import took 0.453156 seconds .

========================================================================
Received Import Request.
  Time since last request: 6.302491 seconds.
  path: Assets/bomb.prefab
  artifactKey: Guid(483c244b8db1e4e95b629064edae2b9f) Importer(815301076,1909f56bfc062723c751e8b465ee728b)
Start importing Assets/bomb.prefab using Guid(483c244b8db1e4e95b629064edae2b9f) Importer(815301076,1909f56bfc062723c751e8b465ee728b)  -> (artifact id: '4b10f842b36e5d183365c79e96e64dfc') in 0.014920 seconds
  Import took 0.018084 seconds .

========================================================================
Received Import Request.
  Time since last request: 0.027167 seconds.
  path: Assets/bomb.prefab
  artifactKey: Guid(483c244b8db1e4e95b629064edae2b9f) Importer(815301076,1909f56bfc062723c751e8b465ee728b)
Start importing Assets/bomb.prefab using Guid(483c244b8db1e4e95b629064edae2b9f) Importer(815301076,1909f56bfc062723c751e8b465ee728b)  -> (artifact id: '4b10f842b36e5d183365c79e96e64dfc') in 0.018867 seconds
  Import took 0.024046 seconds .

========================================================================
Received Import Request.
  Time since last request: 12.593836 seconds.
  path: Assets/applePrefab.prefab
  artifactKey: Guid(31f055e567bf14415b7633fe670db7a0) Importer(815301076,1909f56bfc062723c751e8b465ee728b)
Start importing Assets/applePrefab.prefab using Guid(31f055e567bf14415b7633fe670db7a0) Importer(815301076,1909f56bfc062723c751e8b465ee728b)  -> (artifact id: 'aadf9d197412767f9eb6c2da610852a8') in 0.014173 seconds
  Import took 0.018225 seconds .

========================================================================
Received Import Request.
  Time since last request: 0.023214 seconds.
  path: Assets/applePrefab.prefab
  artifactKey: Guid(31f055e567bf14415b7633fe670db7a0) Importer(815301076,1909f56bfc062723c751e8b465ee728b)
Start importing Assets/applePrefab.prefab using Guid(31f055e567bf14415b7633fe670db7a0) Importer(815301076,1909f56bfc062723c751e8b465ee728b)  -> (artifact id: 'aadf9d197412767f9eb6c2da610852a8') in 0.019926 seconds
  Import took 0.024100 seconds .

========================================================================
Received Import Request.
  Time since last request: 6.586431 seconds.
  path: Assets/bombPrefab.prefab
  artifactKey: Guid(483c244b8db1e4e95b629064edae2b9f) Importer(815301076,1909f56bfc062723c751e8b465ee728b)
Start importing Assets/bombPrefab.prefab using Guid(483c244b8db1e4e95b629064edae2b9f) Importer(815301076,1909f56bfc062723c751e8b465ee728b)  -> (artifact id: 'b0852e89aa6b9182ad5fc22efeb445f5') in 0.014590 seconds
  Import took 0.017625 seconds .

========================================================================
Received Import Request.
  Time since last request: 0.027164 seconds.
  path: Assets/bombPrefab.prefab
  artifactKey: Guid(483c244b8db1e4e95b629064edae2b9f) Importer(815301076,1909f56bfc062723c751e8b465ee728b)
Start importing Assets/bombPrefab.prefab using Guid(483c244b8db1e4e95b629064edae2b9f) Importer(815301076,1909f56bfc062723c751e8b465ee728b)  -> (artifact id: 'b0852e89aa6b9182ad5fc22efeb445f5') in 0.020696 seconds
  Import took 0.024604 seconds .

========================================================================
Received Import Request.
  Time since last request: 45.422597 seconds.
  path: Assets/script/ItemGenerator.cs
  artifactKey: Guid(5c6f31b6f5d014dff938acd2583c2e49) Importer(815301076,1909f56bfc062723c751e8b465ee728b)
Start importing Assets/script/ItemGenerator.cs using Guid(5c6f31b6f5d014dff938acd2583c2e49) Importer(815301076,1909f56bfc062723c751e8b465ee728b)  -> (artifact id: '5bb32dec146bcc6b38b0e70ee008b98d') in 0.348660 seconds
  Import took 0.352327 seconds .

========================================================================
Received Prepare
Registering precompiled user dll's ...
Registered in 0.000546 seconds.
Begin MonoManager ReloadAssembly
Native extension for OSXStandalone target not found
Refreshing native plugins compatible for Editor in 0.28 ms, found 1 plugins.
Preloading 0 native plugins for Editor in 0.00 ms.
Invoked RoslynAnalysisRunner static constructor.
RoslynAnalysisRunner will not be running.
RoslynAnalysisRunner has terminated.
Mono: successfully reloaded assembly
- Completed reload, in  1.334 seconds
Platform modules already initialized, skipping
Refreshing native plugins compatible for Editor in 0.33 ms, found 1 plugins.
Preloading 0 native plugins for Editor in 0.00 ms.
Unloading 1114 Unused Serialized files (Serialized files now loaded: 0)
System memory in use before: 129.2 MB.
System memory in use after: 129.3 MB.

Unloading 5 unused Assets to reduce memory usage. Loaded Objects now: 1572.
Total: 2.346932 ms (FindLiveObjects: 0.273562 ms CreateObjectMapping: 0.089339 ms MarkObjects: 1.925696 ms  DeleteObjects: 0.056977 ms)

========================================================================
Received Import Request.
  Time since last request: 367.178256 seconds.
  path: Assets/script/ItemGenerator.cs
  artifactKey: Guid(5c6f31b6f5d014dff938acd2583c2e49) Importer(815301076,1909f56bfc062723c751e8b465ee728b)
Start importing Assets/script/ItemGenerator.cs using Guid(5c6f31b6f5d014dff938acd2583c2e49) Importer(815301076,1909f56bfc062723c751e8b465ee728b)  -> (artifact id: 'd99c4a0518c950e1e8e24feed3d3cd8e') in 0.007676 seconds
  Import took 0.019707 seconds .

========================================================================
Received Prepare
Registering precompiled user dll's ...
Registered in 0.000745 seconds.
Begin MonoManager ReloadAssembly
Native extension for OSXStandalone target not found
Refreshing native plugins compatible for Editor in 0.26 ms, found 1 plugins.
Preloading 0 native plugins for Editor in 0.00 ms.
Invoked RoslynAnalysisRunner static constructor.
RoslynAnalysisRunner will not be running.
RoslynAnalysisRunner has terminated.
Mono: successfully reloaded assembly
- Completed reload, in  1.215 seconds
Platform modules already initialized, skipping
Refreshing native plugins compatible for Editor in 0.35 ms, found 1 plugins.
Preloading 0 native plugins for Editor in 0.00 ms.
Unloading 1114 Unused Serialized files (Serialized files now loaded: 0)
System memory in use before: 129.6 MB.
System memory in use after: 129.6 MB.

Unloading 5 unused Assets to reduce memory usage. Loaded Objects now: 1575.
Total: 1.820929 ms (FindLiveObjects: 0.190306 ms CreateObjectMapping: 0.038871 ms MarkObjects: 1.534382 ms  DeleteObjects: 0.054501 ms)

========================================================================
Received Prepare
Registering precompiled user dll's ...
Registered in 0.000519 seconds.
Begin MonoManager ReloadAssembly
Native extension for OSXStandalone target not found
Refreshing native plugins compatible for Editor in 0.25 ms, found 1 plugins.
Preloading 0 native plugins for Editor in 0.00 ms.
Invoked RoslynAnalysisRunner static constructor.
RoslynAnalysisRunner will not be running.
RoslynAnalysisRunner has terminated.
Mono: successfully reloaded assembly
- Completed reload, in  1.308 seconds
Platform modules already initialized, skipping
Refreshing native plugins compatible for Editor in 0.33 ms, found 1 plugins.
Preloading 0 native plugins for Editor in 0.00 ms.
Unloading 1114 Unused Serialized files (Serialized files now loaded: 0)
System memory in use before: 129.6 MB.
System memory in use after: 129.6 MB.

Unloading 5 unused Assets to reduce memory usage. Loaded Objects now: 1578.
Total: 2.592090 ms (FindLiveObjects: 0.233897 ms CreateObjectMapping: 0.036748 ms MarkObjects: 2.257336 ms  DeleteObjects: 0.062259 ms)

========================================================================
Received Prepare
Registering precompiled user dll's ...
Registered in 0.000561 seconds.
Begin MonoManager ReloadAssembly
Native extension for OSXStandalone target not found
Refreshing native plugins compatible for Editor in 0.25 ms, found 1 plugins.
Preloading 0 native plugins for Editor in 0.00 ms.
Invoked RoslynAnalysisRunner static constructor.
RoslynAnalysisRunner will not be running.
RoslynAnalysisRunner has terminated.
Mono: successfully reloaded assembly
- Completed reload, in  1.180 seconds
Platform modules already initialized, skipping
Refreshing native plugins compatible for Editor in 0.35 ms, found 1 plugins.
Preloading 0 native plugins for Editor in 0.00 ms.
Unloading 1114 Unused Serialized files (Serialized files now loaded: 0)
System memory in use before: 129.8 MB.
System memory in use after: 129.9 MB.

Unloading 5 unused Assets to reduce memory usage. Loaded Objects now: 1581.
Total: 2.259914 ms (FindLiveObjects: 0.207191 ms CreateObjectMapping: 0.040325 ms MarkObjects: 1.943589 ms  DeleteObjects: 0.067034 ms)

========================================================================
Received Prepare
Registering precompiled user dll's ...
Registered in 0.000449 seconds.
Begin MonoManager ReloadAssembly
Native extension for OSXStandalone target not found
Refreshing native plugins compatible for Editor in 0.52 ms, found 1 plugins.
Preloading 0 native plugins for Editor in 0.00 ms.
Invoked RoslynAnalysisRunner static constructor.
RoslynAnalysisRunner will not be running.
RoslynAnalysisRunner has terminated.
Mono: successfully reloaded assembly
- Completed reload, in  1.525 seconds
Platform modules already initialized, skipping
Refreshing native plugins compatible for Editor in 0.37 ms, found 1 plugins.
Preloading 0 native plugins for Editor in 0.00 ms.
Unloading 1114 Unused Serialized files (Serialized files now loaded: 0)
System memory in use before: 130.0 MB.
System memory in use after: 130.1 MB.

Unloading 5 unused Assets to reduce memory usage. Loaded Objects now: 1584.
Total: 3.520879 ms (FindLiveObjects: 0.287647 ms CreateObjectMapping: 0.096693 ms MarkObjects: 3.060182 ms  DeleteObjects: 0.074424 ms)

========================================================================
Received Prepare
Registering precompiled user dll's ...
Registered in 0.001074 seconds.
Begin MonoManager ReloadAssembly
Native extension for OSXStandalone target not found
Refreshing native plugins compatible for Editor in 0.28 ms, found 1 plugins.
Preloading 0 native plugins for Editor in 0.00 ms.
Invoked RoslynAnalysisRunner static constructor.
RoslynAnalysisRunner will not be running.
RoslynAnalysisRunner has terminated.
Mono: successfully reloaded assembly
- Completed reload, in  1.324 seconds
Platform modules already initialized, skipping
Refreshing native plugins compatible for Editor in 0.44 ms, found 1 plugins.
Preloading 0 native plugins for Editor in 0.00 ms.
Unloading 1114 Unused Serialized files (Serialized files now loaded: 0)
System memory in use before: 130.2 MB.
System memory in use after: 130.2 MB.

Unloading 5 unused Assets to reduce memory usage. Loaded Objects now: 1587.
Total: 2.585147 ms (FindLiveObjects: 0.203074 ms CreateObjectMapping: 0.049400 ms MarkObjects: 2.249628 ms  DeleteObjects: 0.064259 ms)

========================================================================
Received Prepare
Registering precompiled user dll's ...
Registered in 0.000490 seconds.
Begin MonoManager ReloadAssembly
Native extension for OSXStandalone target not found
Refreshing native plugins compatible for Editor in 0.27 ms, found 1 plugins.
Preloading 0 native plugins for Editor in 0.00 ms.
Invoked RoslynAnalysisRunner static constructor.
RoslynAnalysisRunner will not be running.
RoslynAnalysisRunner has terminated.
Mono: successfully reloaded assembly
- Completed reload, in  1.318 seconds
Platform modules already initialized, skipping
Refreshing native plugins compatible for Editor in 0.42 ms, found 1 plugins.
Preloading 0 native plugins for Editor in 0.00 ms.
Unloading 1114 Unused Serialized files (Serialized files now loaded: 0)
System memory in use before: 130.4 MB.
System memory in use after: 130.4 MB.

Unloading 5 unused Assets to reduce memory usage. Loaded Objects now: 1590.
Total: 2.333191 ms (FindLiveObjects: 0.253019 ms CreateObjectMapping: 0.095194 ms MarkObjects: 1.922335 ms  DeleteObjects: 0.060862 ms)

========================================================================
Received Prepare
Registering precompiled user dll's ...
Registered in 0.000542 seconds.
Begin MonoManager ReloadAssembly
Native extension for OSXStandalone target not found
Refreshing native plugins compatible for Editor in 0.25 ms, found 1 plugins.
Preloading 0 native plugins for Editor in 0.00 ms.
Invoked RoslynAnalysisRunner static constructor.
RoslynAnalysisRunner will not be running.
RoslynAnalysisRunner has terminated.
Mono: successfully reloaded assembly
- Completed reload, in  1.227 seconds
Platform modules already initialized, skipping
Refreshing native plugins compatible for Editor in 0.32 ms, found 1 plugins.
Preloading 0 native plugins for Editor in 0.00 ms.
Unloading 1114 Unused Serialized files (Serialized files now loaded: 0)
System memory in use before: 130.5 MB.
System memory in use after: 130.6 MB.

Unloading 5 unused Assets to reduce memory usage. Loaded Objects now: 1593.
Total: 1.916835 ms (FindLiveObjects: 0.202433 ms CreateObjectMapping: 0.037269 ms MarkObjects: 1.617705 ms  DeleteObjects: 0.056786 ms)

========================================================================
Received Prepare
Registering precompiled user dll's ...
Registered in 0.000925 seconds.
Begin MonoManager ReloadAssembly
Native extension for OSXStandalone target not found
Refreshing native plugins compatible for Editor in 0.26 ms, found 1 plugins.
Preloading 0 native plugins for Editor in 0.00 ms.
Invoked RoslynAnalysisRunner static constructor.
RoslynAnalysisRunner will not be running.
RoslynAnalysisRunner has terminated.
Mono: successfully reloaded assembly
- Completed reload, in  1.239 seconds
Platform modules already initialized, skipping
Refreshing native plugins compatible for Editor in 0.35 ms, found 1 plugins.
Preloading 0 native plugins for Editor in 0.00 ms.
Unloading 1114 Unused Serialized files (Serialized files now loaded: 0)
System memory in use before: 130.7 MB.
System memory in use after: 130.8 MB.

Unloading 5 unused Assets to reduce memory usage. Loaded Objects now: 1596.
Total: 1.821972 ms (FindLiveObjects: 0.221966 ms CreateObjectMapping: 0.036524 ms MarkObjects: 1.502373 ms  DeleteObjects: 0.058010 ms)

